<?xml version="1.0" encoding="UTF-8"?>
<testsuite xmlns:xsi="http://www.w3.org/2001/XMLSchema-instance" xsi:noNamespaceSchemaLocation="https://maven.apache.org/surefire/maven-surefire-plugin/xsd/surefire-test-report.xsd" version="3.0.2" name="com.rental.VehicleRentalApplicationTests" time="0.817" tests="1" errors="0" skipped="0" failures="0" flakes="0">
  <properties>
[...]
</properties>
  <testcase name="allAuthAndVehicleV1CheckpointsWork" classname="com.rental.VehicleRentalApplicationTests" time="0.793">
    <system-out><![CDATA[2026-05-27T11:13:50.470+05:30  INFO 4088 --- [           main] t.c.s.AnnotationConfigContextLoaderUtils : Could not detect default configuration classes for test class [com.rental.VehicleRentalApplicationTests]: VehicleRentalApplicationTests does not declare any static, non-private, non-final, nested classes annotated with @Configuration.
2026-05-27T11:13:50.474+05:30  INFO 4088 --- [           main] .b.t.c.SpringBootTestContextBootstrapper : Found @SpringBootConfiguration com.rental.VehicleRentalApplication for test class com.rental.VehicleRentalApplicationTests
2026-05-27T11:13:50.477+05:30  INFO 4088 --- [           main] t.c.s.AnnotationConfigContextLoaderUtils : Could not detect default configuration classes for test class [com.rental.VehicleRentalApplicationTests]: VehicleRentalApplicationTests does not declare any static, non-private, non-final, nested classes annotated with @Configuration.
2026-05-27T11:13:50.479+05:30  INFO 4088 --- [           main] .b.t.c.SpringBootTestContextBootstrapper : Found @SpringBootConfiguration com.rental.VehicleRentalApplication for test class com.rental.VehicleRentalApplicationTests
2026-05-27T11:13:50.499+05:30 DEBUG 4088 --- [o-auto-1-exec-9] o.s.security.web.FilterChainProxy        : Securing POST /v1/auth/register
2026-05-27T11:13:50.500+05:30 DEBUG 4088 --- [o-auto-1-exec-9] o.s.s.w.a.AnonymousAuthenticationFilter  : Set SecurityContextHolder to anonymous SecurityContext
2026-05-27T11:13:50.501+05:30 DEBUG 4088 --- [o-auto-1-exec-9] o.s.security.web.FilterChainProxy        : Secured POST /v1/auth/register
2026-05-27T11:13:50.504+05:30  INFO 4088 --- [o-auto-1-exec-9] com.rental.service.AuthService           : Starting registration for user: admin@rental.com
2026-05-27T11:13:50.587+05:30  INFO 4088 --- [o-auto-1-exec-9] com.rental.service.AuthService           : User admin@rental.com registered successfully with role VEHICLE_OWNER
2026-05-27T11:13:50.594+05:30 DEBUG 4088 --- [-auto-1-exec-10] o.s.security.web.FilterChainProxy        : Securing POST /v1/auth/register
2026-05-27T11:13:50.594+05:30 DEBUG 4088 --- [-auto-1-exec-10] o.s.s.w.a.AnonymousAuthenticationFilter  : Set SecurityContextHolder to anonymous SecurityContext
2026-05-27T11:13:50.594+05:30 DEBUG 4088 --- [-auto-1-exec-10] o.s.security.web.FilterChainProxy        : Secured POST /v1/auth/register
2026-05-27T11:13:50.596+05:30  INFO 4088 --- [-auto-1-exec-10] com.rental.service.AuthService           : Starting registration for user: checkpoint-user@example.com
2026-05-27T11:13:50.674+05:30  INFO 4088 --- [-auto-1-exec-10] com.rental.service.AuthService           : User checkpoint-user@example.com registered successfully with role USER
2026-05-27T11:13:50.688+05:30 DEBUG 4088 --- [o-auto-1-exec-2] o.s.security.web.FilterChainProxy        : Securing POST /v1/auth/login
2026-05-27T11:13:50.689+05:30 DEBUG 4088 --- [o-auto-1-exec-2] o.s.s.w.a.AnonymousAuthenticationFilter  : Set SecurityContextHolder to anonymous SecurityContext
2026-05-27T11:13:50.689+05:30 DEBUG 4088 --- [o-auto-1-exec-2] o.s.security.web.FilterChainProxy        : Secured POST /v1/auth/login
2026-05-27T11:13:50.695+05:30  INFO 4088 --- [o-auto-1-exec-2] com.rental.service.AuthService           : Attempting login for user: checkpoint-user@example.com
2026-05-27T11:13:50.768+05:30  INFO 4088 --- [o-auto-1-exec-2] com.rental.service.AuthService           : User checkpoint-user@example.com logged in successfully
2026-05-27T11:13:50.776+05:30 DEBUG 4088 --- [o-auto-1-exec-1] o.s.security.web.FilterChainProxy        : Securing POST /v1/auth/login
2026-05-27T11:13:50.776+05:30 DEBUG 4088 --- [o-auto-1-exec-1] o.s.s.w.a.AnonymousAuthenticationFilter  : Set SecurityContextHolder to anonymous SecurityContext
2026-05-27T11:13:50.776+05:30 DEBUG 4088 --- [o-auto-1-exec-1] o.s.security.web.FilterChainProxy        : Secured POST /v1/auth/login
2026-05-27T11:13:50.778+05:30  INFO 4088 --- [o-auto-1-exec-1] com.rental.service.AuthService           : Attempting login for user: admin@rental.com
2026-05-27T11:13:50.853+05:30  INFO 4088 --- [o-auto-1-exec-1] com.rental.service.AuthService           : User admin@rental.com logged in successfully
2026-05-27T11:13:50.860+05:30 DEBUG 4088 --- [o-auto-1-exec-3] o.s.security.web.FilterChainProxy        : Securing GET /v1/vehicles
2026-05-27T11:13:50.861+05:30 DEBUG 4088 --- [o-auto-1-exec-3] o.s.s.w.a.AnonymousAuthenticationFilter  : Set SecurityContextHolder to anonymous SecurityContext
2026-05-27T11:13:50.862+05:30 DEBUG 4088 --- [o-auto-1-exec-3] o.s.s.w.a.Http403ForbiddenEntryPoint     : Pre-authenticated entry point called. Rejecting access
2026-05-27T11:13:50.873+05:30 DEBUG 4088 --- [o-auto-1-exec-3] o.s.security.web.FilterChainProxy        : Securing GET /error
2026-05-27T11:13:50.873+05:30 DEBUG 4088 --- [o-auto-1-exec-3] o.s.s.w.a.AnonymousAuthenticationFilter  : Set SecurityContextHolder to anonymous SecurityContext
2026-05-27T11:13:50.874+05:30 DEBUG 4088 --- [o-auto-1-exec-3] o.s.s.w.a.Http403ForbiddenEntryPoint     : Pre-authenticated entry point called. Rejecting access
2026-05-27T11:13:50.881+05:30 DEBUG 4088 --- [o-auto-1-exec-4] o.s.security.web.FilterChainProxy        : Securing GET /v1/vehicles
2026-05-27T11:13:50.891+05:30 DEBUG 4088 --- [o-auto-1-exec-4] o.s.security.web.FilterChainProxy        : Secured GET /v1/vehicles
2026-05-27T11:13:50.924+05:30 DEBUG 4088 --- [o-auto-1-exec-5] o.s.security.web.FilterChainProxy        : Securing GET /v1/vehicles/1
2026-05-27T11:13:50.937+05:30 DEBUG 4088 --- [o-auto-1-exec-5] o.s.security.web.FilterChainProxy        : Secured GET /v1/vehicles/1
2026-05-27T11:13:50.972+05:30 DEBUG 4088 --- [o-auto-1-exec-6] o.s.security.web.FilterChainProxy        : Securing POST /v1/vehicles
2026-05-27T11:13:50.985+05:30 DEBUG 4088 --- [o-auto-1-exec-6] o.s.s.w.access.AccessDeniedHandlerImpl   : Responding with 403 status code
2026-05-27T11:13:50.986+05:30 DEBUG 4088 --- [o-auto-1-exec-6] o.s.security.web.FilterChainProxy        : Securing GET /error
2026-05-27T11:13:50.987+05:30 DEBUG 4088 --- [o-auto-1-exec-6] o.s.s.w.a.AnonymousAuthenticationFilter  : Set SecurityContextHolder to anonymous SecurityContext
2026-05-27T11:13:50.987+05:30 DEBUG 4088 --- [o-auto-1-exec-6] o.s.s.w.a.Http403ForbiddenEntryPoint     : Pre-authenticated entry point called. Rejecting access
2026-05-27T11:13:50.993+05:30 DEBUG 4088 --- [o-auto-1-exec-7] o.s.security.web.FilterChainProxy        : Securing POST /v1/vehicles
2026-05-27T11:13:51.006+05:30 DEBUG 4088 --- [o-auto-1-exec-7] o.s.security.web.FilterChainProxy        : Secured POST /v1/vehicles
2026-05-27T11:13:51.018+05:30 DEBUG 4088 --- [o-auto-1-exec-7] horizationManagerBeforeMethodInterceptor : Authorizing method invocation ReflectiveMethodInvocation: public org.springframework.http.ResponseEntity com.rental.controller.VehicleController.addVehicle(com.rental.dto.VehicleRequest); target is of class [com.rental.controller.VehicleController]
2026-05-27T11:13:51.018+05:30 DEBUG 4088 --- [o-auto-1-exec-7] horizationManagerBeforeMethodInterceptor : Authorized method invocation ReflectiveMethodInvocation: public org.springframework.http.ResponseEntity com.rental.controller.VehicleController.addVehicle(com.rental.dto.VehicleRequest); target is of class [com.rental.controller.VehicleController]
2026-05-27T11:13:51.032+05:30 DEBUG 4088 --- [o-auto-1-exec-8] o.s.security.web.FilterChainProxy        : Securing GET /v1/vehicles?type=CAR
2026-05-27T11:13:51.044+05:30 DEBUG 4088 --- [o-auto-1-exec-8] o.s.security.web.FilterChainProxy        : Secured GET /v1/vehicles?type=CAR
2026-05-27T11:13:51.073+05:30 DEBUG 4088 --- [o-auto-1-exec-9] o.s.security.web.FilterChainProxy        : Securing GET /v1/vehicles?available=true
2026-05-27T11:13:51.084+05:30 DEBUG 4088 --- [o-auto-1-exec-9] o.s.security.web.FilterChainProxy        : Secured GET /v1/vehicles?available=true
2026-05-27T11:13:51.105+05:30 DEBUG 4088 --- [-auto-1-exec-10] o.s.security.web.FilterChainProxy        : Securing PUT /v1/vehicles/3
2026-05-27T11:13:51.114+05:30 DEBUG 4088 --- [-auto-1-exec-10] o.s.security.web.FilterChainProxy        : Secured PUT /v1/vehicles/3
2026-05-27T11:13:51.117+05:30 DEBUG 4088 --- [-auto-1-exec-10] horizationManagerBeforeMethodInterceptor : Authorizing method invocation ReflectiveMethodInvocation: public org.springframework.http.ResponseEntity com.rental.controller.VehicleController.updateVehicle(java.lang.Long,com.rental.dto.VehicleRequest); target is of class [com.rental.controller.VehicleController]
2026-05-27T11:13:51.118+05:30 DEBUG 4088 --- [-auto-1-exec-10] horizationManagerBeforeMethodInterceptor : Authorized method invocation ReflectiveMethodInvocation: public org.springframework.http.ResponseEntity com.rental.controller.VehicleController.updateVehicle(java.lang.Long,com.rental.dto.VehicleRequest); target is of class [com.rental.controller.VehicleController]
2026-05-27T11:13:51.174+05:30 DEBUG 4088 --- [o-auto-1-exec-2] o.s.security.web.FilterChainProxy        : Securing GET /v1/vehicles?type=BIKE&available=false
2026-05-27T11:13:51.186+05:30 DEBUG 4088 --- [o-auto-1-exec-2] o.s.security.web.FilterChainProxy        : Secured GET /v1/vehicles?type=BIKE&available=false
2026-05-27T11:13:51.204+05:30 DEBUG 4088 --- [o-auto-1-exec-1] o.s.security.web.FilterChainProxy        : Securing DELETE /v1/vehicles/3
2026-05-27T11:13:51.215+05:30 DEBUG 4088 --- [o-auto-1-exec-1] o.s.security.web.FilterChainProxy        : Secured DELETE /v1/vehicles/3
2026-05-27T11:13:51.217+05:30 DEBUG 4088 --- [o-auto-1-exec-1] horizationManagerBeforeMethodInterceptor : Authorizing method invocation ReflectiveMethodInvocation: public org.springframework.http.ResponseEntity com.rental.controller.VehicleController.deleteVehicle(java.lang.Long); target is of class [com.rental.controller.VehicleController]
2026-05-27T11:13:51.219+05:30 DEBUG 4088 --- [o-auto-1-exec-1] horizationManagerBeforeMethodInterceptor : Authorized method invocation ReflectiveMethodInvocation: public org.springframework.http.ResponseEntity com.rental.controller.VehicleController.deleteVehicle(java.lang.Long); target is of class [com.rental.controller.VehicleController]
]]></system-out>
    <system-err><![CDATA[java.lang.instrument.IllegalClassFormatException: Error while instrumenting jdk/internal/net/http/ResponseContent$FixedLengthBodyParser with JaCoCo 0.8.12.202403310830/dbfb6f2.
	at org.jacoco.agent.rt.internal_aeaf9ab.CoverageTransformer.transform(CoverageTransformer.java:94)
	at java.instrument/java.lang.instrument.ClassFileTransformer.transform(ClassFileTransformer.java:257)
	at java.instrument/sun.instrument.TransformerManager.transform(TransformerManager.java:188)
	at java.instrument/sun.instrument.InstrumentationImpl.transform(InstrumentationImpl.java:594)
	at java.base/java.lang.ClassLoader.defineClass2(Native Method)
	at java.base/java.lang.ClassLoader.defineClass(ClassLoader.java:1080)
	at java.base/java.lang.ClassLoader.defineClass(ClassLoader.java:1064)
	at java.base/java.security.SecureClassLoader.defineClass(SecureClassLoader.java:177)
	at java.base/jdk.internal.loader.BuiltinClassLoader.defineClass(BuiltinClassLoader.java:735)
	at java.base/jdk.internal.loader.BuiltinClassLoader.findClassInModuleOrNull(BuiltinClassLoader.java:678)
	at java.base/jdk.internal.loader.BuiltinClassLoader.loadClassOrNull(BuiltinClassLoader.java:604)
	at java.base/jdk.internal.loader.BuiltinClassLoader.loadClass(BuiltinClassLoader.java:578)
	at java.base/java.lang.ClassLoader.loadClass(ClassLoader.java:502)
	at java.net.http/jdk.internal.net.http.ResponseContent.getBodyParser(ResponseContent.java:124)
	at java.net.http/jdk.internal.net.http.Http1Response.lambda$readBody$0(Http1Response.java:343)
	at java.net.http/jdk.internal.net.http.HttpClientImpl$DelegatingExecutor.execute(HttpClientImpl.java:202)
	at java.net.http/jdk.internal.net.http.Http1Response.readBody(Http1Response.java:326)
	at java.net.http/jdk.internal.net.http.Http1Exchange.readBodyAsync(Http1Exchange.java:468)
	at java.net.http/jdk.internal.net.http.Exchange.readBodyAsync(Exchange.java:230)
	at java.net.http/jdk.internal.net.http.MultiExchange.lambda$responseAsync0$1(MultiExchange.java:416)
	at java.base/java.util.concurrent.CompletableFuture$UniCompose.tryFire(CompletableFuture.java:1171)
	at java.base/java.util.concurrent.CompletableFuture.postComplete(CompletableFuture.java:531)
	at java.base/java.util.concurrent.CompletableFuture.postFire(CompletableFuture.java:635)
	at java.base/java.util.concurrent.CompletableFuture$UniApply.tryFire(CompletableFuture.java:674)
	at java.base/java.util.concurrent.CompletableFuture$Completion.run(CompletableFuture.java:503)
	at java.net.http/jdk.internal.net.http.HttpClientImpl$DelegatingExecutor.execute(HttpClientImpl.java:202)
	at java.base/java.util.concurrent.CompletableFuture$UniCompletion.claim(CompletableFuture.java:593)
	at java.base/java.util.concurrent.CompletableFuture$UniApply.tryFire(CompletableFuture.java:663)
	at java.base/java.util.concurrent.CompletableFuture.postComplete(CompletableFuture.java:531)
	at java.base/java.util.concurrent.CompletableFuture.complete(CompletableFuture.java:2206)
	at java.net.http/jdk.internal.net.http.Http1Response$HeadersReader.handle(Http1Response.java:611)
	at java.net.http/jdk.internal.net.http.Http1Response$HeadersReader.handle(Http1Response.java:537)
	at java.net.http/jdk.internal.net.http.Http1Response$Receiver.accept(Http1Response.java:528)
	at java.net.http/jdk.internal.net.http.Http1Response$HeadersReader.tryAsyncReceive(Http1Response.java:584)
	at java.net.http/jdk.internal.net.http.Http1AsyncReceiver.flush(Http1AsyncReceiver.java:233)
	at java.net.http/jdk.internal.net.http.common.SequentialScheduler$LockingRestartableTask.run(SequentialScheduler.java:182)
	at java.net.http/jdk.internal.net.http.common.SequentialScheduler$CompleteRestartableTask.run(SequentialScheduler.java:149)
	at java.net.http/jdk.internal.net.http.common.SequentialScheduler$SchedulableTask.run(SequentialScheduler.java:207)
	at java.base/java.util.concurrent.ThreadPoolExecutor.runWorker(ThreadPoolExecutor.java:1090)
	at java.base/java.util.concurrent.ThreadPoolExecutor$Worker.run(ThreadPoolExecutor.java:614)
	at java.base/java.lang.Thread.run(Thread.java:1516)
Caused by: java.io.IOException: Error while instrumenting jdk/internal/net/http/ResponseContent$FixedLengthBodyParser with JaCoCo 0.8.12.202403310830/dbfb6f2.
	at org.jacoco.agent.rt.internal_aeaf9ab.core.instr.Instrumenter.instrumentError(Instrumenter.java:161)
	at org.jacoco.agent.rt.internal_aeaf9ab.core.instr.Instrumenter.instrument(Instrumenter.java:111)
	at org.jacoco.agent.rt.internal_aeaf9ab.CoverageTransformer.transform(CoverageTransformer.java:92)
	... 40 more
Caused by: java.lang.IllegalArgumentException: Unsupported class file major version 70
	at org.jacoco.agent.rt.internal_aeaf9ab.asm.ClassReader.<init>(ClassReader.java:200)
	at org.jacoco.agent.rt.internal_aeaf9ab.asm.ClassReader.<init>(ClassReader.java:180)
	at org.jacoco.agent.rt.internal_aeaf9ab.asm.ClassReader.<init>(ClassReader.java:166)
	at org.jacoco.agent.rt.internal_aeaf9ab.core.internal.instr.InstrSupport.classReaderFor(InstrSupport.java:280)
	at org.jacoco.agent.rt.internal_aeaf9ab.core.instr.Instrumenter.instrument(Instrumenter.java:77)
	at org.jacoco.agent.rt.internal_aeaf9ab.core.instr.Instrumenter.instrument(Instrumenter.java:109)
	... 41 more
]]></system-err>
  </testcase>
</testsuite>